INFO: MineTweaker: Building registry
INFO: MineTweaker: Sucessfully built item registry
INFO: Adding recipe for Saddle
INFO: Adding recipe for Golden Apple
INFO: Adding recipe for Oak Boat
INFO: Adding recipe for Spruce Boat
INFO: Adding recipe for Birch Boat
INFO: Adding recipe for Jungle Boat
INFO: Adding recipe for Acacia Boat
INFO: Adding recipe for Dark Oak Boat
INFO: Adding furnace recipe for <minecraft:rotten_flesh>
INFO: Adding recipe for Flint
INFO: Adding recipe for Melon
INFO: Adding recipe for Clay
INFO: Adding recipe for Brick
INFO: Adding recipe for String
INFO: Adding recipe for Snowball
INFO: Adding recipe for Snow
INFO: Adding recipe for Glowstone Dust
INFO: Adding recipe for Nether Brick
INFO: Adding recipe for Nether Quartz
INFO: Adding recipe for End Stone
INFO: Adding recipe for Stone
INFO: Adding recipe for Grass Block
INFO: Adding recipe for Mycelium
INFO: Adding recipe for Mycelium
INFO: Adding recipe for Podzol
INFO: Adding recipe for Iron Horse Armor
INFO: Adding recipe for Gold Horse Armor
INFO: Adding recipe for Diamond Horse Armor
INFO: Adding recipe for Name Tag
INFO: Adding recipe for Bottle o' Enchanting
INFO: Adding recipe for Minecart with Command Block
INFO: Removing recipe for Minecart with Command Block
INFO: Removing recipe for Bottle o' Enchanting
INFO: Removing recipe for Name Tag
INFO: Removing recipe for Diamond Horse Armor
INFO: Removing recipe for Gold Horse Armor
INFO: Removing recipe for Iron Horse Armor
INFO: Removing recipe for Podzol
INFO: Removing recipe for Mycelium
INFO: Removing recipe for Mycelium
INFO: Removing recipe for Grass Block
INFO: Removing recipe for Stone
INFO: Removing recipe for End Stone
INFO: Removing recipe for Nether Quartz
INFO: Removing recipe for Nether Brick
INFO: Removing recipe for Glowstone Dust
INFO: Removing recipe for Snow
INFO: Removing recipe for Snowball
INFO: Removing recipe for String
INFO: Removing recipe for Brick
INFO: Removing recipe for Clay
INFO: Removing recipe for Melon
INFO: Removing recipe for Flint
INFO: Removing furnace recipe for <minecraft:rotten_flesh>
INFO: Removing recipe for Dark Oak Boat
INFO: Removing recipe for Acacia Boat
INFO: Removing recipe for Jungle Boat
INFO: Removing recipe for Birch Boat
INFO: Removing recipe for Spruce Boat
INFO: Removing recipe for Oak Boat
INFO: Removing recipe for Golden Apple
INFO: Removing recipe for Saddle
INFO: Adding recipe for Saddle
INFO: Adding recipe for Golden Apple
INFO: Adding recipe for Oak Boat
INFO: Adding recipe for Spruce Boat
INFO: Adding recipe for Birch Boat
INFO: Adding recipe for Jungle Boat
INFO: Adding recipe for Acacia Boat
INFO: Adding recipe for Dark Oak Boat
INFO: Adding furnace recipe for <minecraft:rotten_flesh>
INFO: Adding recipe for Flint
INFO: Adding recipe for Melon
INFO: Adding recipe for Clay
INFO: Adding recipe for Brick
INFO: Adding recipe for String
INFO: Adding recipe for Snowball
INFO: Adding recipe for Snow
INFO: Adding recipe for Glowstone Dust
INFO: Adding recipe for Nether Brick
INFO: Adding recipe for Nether Quartz
INFO: Adding recipe for End Stone
INFO: Adding recipe for Stone
INFO: Adding recipe for Grass Block
INFO: Adding recipe for Mycelium
INFO: Adding recipe for Mycelium
INFO: Adding recipe for Podzol
INFO: Adding recipe for Iron Horse Armor
INFO: Adding recipe for Gold Horse Armor
INFO: Adding recipe for Diamond Horse Armor
INFO: Adding recipe for Name Tag
INFO: Adding recipe for Bottle o' Enchanting
INFO: Adding recipe for Minecart with Command Block
