[23:22:40] [Client thread/INFO]: Setting user: knoxhack
[23:22:46] [Client thread/WARN]: Skipping bad option: lastServer:
[23:22:46] [Client thread/INFO]: LWJGL Version: 2.9.4
[23:23:03] [Client thread/INFO]: Reloading ResourceManager: Default, FMLFileResourcePack:Forge Mod Loader, FMLFileResourcePack:Minecraft Forge, FMLFileResourcePack:Additional Banners, FMLFileResourcePack:Additional Loot Tables, FMLFileResourcePack:Bagginses, FMLFileResourcePack:Base Metals, FMLFileResourcePack:Better Agriculture, FMLFileResourcePack:Better Builder's Wands, FMLFileResourcePack:Biomes O' Plenty, FMLFileResourcePack:Bookshelf, FMLFileResourcePack:Chameleon, FMLFileResourcePack:Chisel, FMLFileResourcePack:Chisels & Bits, FMLFileResourcePack:Wonderful Wands, FMLFileResourcePack:Dark Utilities, FMLFileResourcePack:Electric Advantage, FMLFileResourcePack:Enchantment Descriptions, FMLFileResourcePack:End Metals, FMLFileResourcePack:Fast Leave Decay, FMLFileResourcePack:FTBLib, FMLFileResourcePack:FTBUtilities, FMLFileResourcePack:Gravestone, FMLFileResourcePack:HempFarmer, FMLFileResourcePack:Inventory Tweaks, FMLFileResourcePack:Iron Chest, FMLFileResourcePack:Just Enough Items, FMLFileResourcePack:JourneyMap, FMLFileResourcePack:Lawnmower, FMLFileResourcePack:LLibrary, FMLFileResourcePack:Mantle, FMLFileResourcePack:Mekanism, FMLFileResourcePack:MekanismGenerators, FMLFileResourcePack:MekanismTools, FMLFileResourcePack:Modern Metals, FMLFileResourcePack:Modularity, FMLFileResourcePack:Morpheus, FMLFileResourcePack:Nether Metals, FMLFileResourcePack:Nether Portal Fix, FMLFileResourcePack:OreSpawn, FMLFileResourcePack:p455w0rd's Things, FMLFileResourcePack:Power Advantage, FMLFileResourcePack:Refined Storage, FMLFileResourcePack:Solar Village, FMLFileResourcePack:Steam Advantage, FMLFileResourcePack:Storage Drawers, FMLFileResourcePack:Tinkers' Construct, FMLFileResourcePack:TESLA, FMLFileResourcePack:Tesla Arsenal, FMLFileResourcePack:Waila, FMLFileResourcePack:I Can See Everything, FMLFileResourcePack:What Are We Looking At, FMLFileResourcePack:MCMultiPart
[23:23:25] [Sound Library Loader/INFO]: Starting up SoundSystem...
[23:23:25] [Thread-11/INFO]: Initializing LWJGL OpenAL
[23:23:25] [Thread-11/INFO]: (The LWJGL binding of OpenAL.  For more information, see http://www.lwjgl.org)
[23:23:26] [Thread-11/INFO]: OpenAL initialized.
[23:23:26] [Sound Library Loader/INFO]: Sound engine started
[23:23:39] [Client thread/WARN]: Unable to resolve texture due to upward reference: #item_texture in electricadvantage:models/item/generic_item
[23:23:41] [Client thread/INFO]: Created: 16x16 textures-atlas
[23:24:02] [Client thread/INFO]: Reloading ResourceManager: Default, FMLFileResourcePack:Forge Mod Loader, FMLFileResourcePack:Additional Banners, FMLFileResourcePack:Additional Loot Tables, FMLFileResourcePack:Bagginses, FMLFileResourcePack:Base Metals, FMLFileResourcePack:Better Agriculture, FMLFileResourcePack:Better Builder's Wands, FMLFileResourcePack:Biomes O' Plenty, FMLFileResourcePack:Bookshelf, FMLFileResourcePack:Chameleon, FMLFileResourcePack:Chisel, FMLFileResourcePack:Chisels & Bits, FMLFileResourcePack:Wonderful Wands, FMLFileResourcePack:Dark Utilities, FMLFileResourcePack:Electric Advantage, FMLFileResourcePack:Enchantment Descriptions, FMLFileResourcePack:End Metals, FMLFileResourcePack:Fast Leave Decay, FMLFileResourcePack:FTBLib, FMLFileResourcePack:FTBUtilities, FMLFileResourcePack:Gravestone, FMLFileResourcePack:HempFarmer, FMLFileResourcePack:Inventory Tweaks, FMLFileResourcePack:Iron Chest, FMLFileResourcePack:Just Enough Items, FMLFileResourcePack:JourneyMap, FMLFileResourcePack:Lawnmower, FMLFileResourcePack:LLibrary, FMLFileResourcePack:Mantle, FMLFileResourcePack:Mekanism, FMLFileResourcePack:MekanismGenerators, FMLFileResourcePack:MekanismTools, FMLFileResourcePack:Modern Metals, FMLFileResourcePack:Modularity, FMLFileResourcePack:Morpheus, FMLFileResourcePack:Nether Metals, FMLFileResourcePack:Nether Portal Fix, FMLFileResourcePack:OreSpawn, FMLFileResourcePack:p455w0rd's Things, FMLFileResourcePack:Power Advantage, FMLFileResourcePack:Refined Storage, FMLFileResourcePack:Solar Village, FMLFileResourcePack:Steam Advantage, FMLFileResourcePack:Storage Drawers, FMLFileResourcePack:Tinkers' Construct, FMLFileResourcePack:TESLA, FMLFileResourcePack:Tesla Arsenal, FMLFileResourcePack:Waila, FMLFileResourcePack:I Can See Everything, FMLFileResourcePack:What Are We Looking At, FMLFileResourcePack:MCMultiPart, FMLFileResourcePack:Minecraft Forge
[23:24:03] [Client thread/INFO]: SoundSystem shutting down...
[23:24:03] [Client thread/WARN]: Author: Paul Lamb, www.paulscode.com
[23:24:03] [Sound Library Loader/INFO]: Starting up SoundSystem...
[23:24:03] [Thread-16/INFO]: Initializing LWJGL OpenAL
[23:24:03] [Thread-16/INFO]: (The LWJGL binding of OpenAL.  For more information, see http://www.lwjgl.org)
[23:24:03] [Thread-16/INFO]: OpenAL initialized.
[23:24:04] [Sound Library Loader/INFO]: Sound engine started
[23:24:11] [Client thread/WARN]: Unable to resolve texture due to upward reference: #item_texture in electricadvantage:models/item/generic_item
[23:24:13] [Client thread/WARN]: Texture mekanism:textures/blocks/models/multipart/opaque/UniversalCableVerticalUltimate.png with size 24x24 will have visual artifacts at mip level 4, it can only support level 3. Please report to the mod author that the texture should be some multiple of 16x16.
[23:24:13] [Client thread/WARN]: Texture mekanism:textures/blocks/models/multipart/opaque/UniversalCableVerticalBasic.png with size 24x24 will have visual artifacts at mip level 4, it can only support level 3. Please report to the mod author that the texture should be some multiple of 16x16.
[23:24:13] [Client thread/WARN]: Texture mekanism:textures/blocks/models/multipart/opaque/ThermodynamicConductorVerticalUltimate.png with size 24x24 will have visual artifacts at mip level 4, it can only support level 3. Please report to the mod author that the texture should be some multiple of 16x16.
[23:24:13] [Client thread/WARN]: Texture mekanism:textures/blocks/models/multipart/opaque/ThermodynamicConductorVerticalElite.png with size 24x24 will have visual artifacts at mip level 4, it can only support level 3. Please report to the mod author that the texture should be some multiple of 16x16.
[23:24:13] [Client thread/WARN]: Texture mekanism:textures/blocks/models/multipart/opaque/UniversalCableVerticalAdvanced.png with size 24x24 will have visual artifacts at mip level 4, it can only support level 3. Please report to the mod author that the texture should be some multiple of 16x16.
[23:24:14] [Client thread/WARN]: Texture mekanism:textures/blocks/models/multipart/opaque/PressurizedTubeVerticalAdvanced.png with size 24x24 will have visual artifacts at mip level 4, it can only support level 3. Please report to the mod author that the texture should be some multiple of 16x16.
[23:24:14] [Client thread/WARN]: Texture mekanism:textures/blocks/models/multipart/opaque/ThermodynamicConductorVerticalAdvanced.png with size 24x24 will have visual artifacts at mip level 4, it can only support level 3. Please report to the mod author that the texture should be some multiple of 16x16.
[23:24:14] [Client thread/WARN]: Texture mekanism:textures/blocks/models/multipart/opaque/UniversalCableVerticalElite.png with size 24x24 will have visual artifacts at mip level 4, it can only support level 3. Please report to the mod author that the texture should be some multiple of 16x16.
[23:24:14] [Client thread/WARN]: Texture mekanism:textures/blocks/models/multipart/opaque/PressurizedTubeVerticalElite.png with size 24x24 will have visual artifacts at mip level 4, it can only support level 3. Please report to the mod author that the texture should be some multiple of 16x16.
[23:24:14] [Client thread/WARN]: Texture mekanism:textures/blocks/models/multipart/opaque/PressurizedTubeVerticalUltimate.png with size 24x24 will have visual artifacts at mip level 4, it can only support level 3. Please report to the mod author that the texture should be some multiple of 16x16.
[23:24:14] [Client thread/WARN]: Texture mekanism:textures/blocks/models/multipart/opaque/PressurizedTubeVerticalBasic.png with size 24x24 will have visual artifacts at mip level 4, it can only support level 3. Please report to the mod author that the texture should be some multiple of 16x16.
[23:24:14] [Client thread/WARN]: Texture mekanism:textures/blocks/models/multipart/opaque/ThermodynamicConductorVerticalBasic.png with size 24x24 will have visual artifacts at mip level 4, it can only support level 3. Please report to the mod author that the texture should be some multiple of 16x16.
[23:24:18] [Client thread/INFO]: Created: 4096x4096 textures-atlas
[23:24:36] [Client thread/WARN]: Skipping bad option: lastServer:
[23:28:00] [Client thread/INFO]: Stopping!
[23:28:00] [Client thread/INFO]: SoundSystem shutting down...
[23:28:00] [Client thread/WARN]: Author: Paul Lamb, www.paulscode.com
